[2024-08-14 05:33:25] Form submitted
[2024-08-14 05:33:25] Updated question text for question ID: 75
[2024-08-14 05:33:25] Updated answer for question ID: 75
[2024-08-14 05:33:25] Processing media upload for question ID: 75
[2024-08-14 05:33:25] New media file uploaded: question_75_1723613605.png
[2024-08-14 05:33:25] Deleted old media entry from database for question ID: 75
[2024-08-14 05:33:25] Inserted new media entry into database for question ID: 75
[2024-08-14 05:33:25] Redirecting after form submission
[2024-08-14 05:33:29] Form submitted
[2024-08-14 05:33:29] Updated question text for question ID: 75
[2024-08-14 05:33:29] Updated answer for question ID: 75
[2024-08-14 05:33:29] Redirecting after form submission
[2024-08-14 05:33:51] Form submitted
[2024-08-14 05:33:51] Updated question text for question ID: 75
[2024-08-14 05:33:51] Updated answer for question ID: 75
[2024-08-14 05:33:51] Processing media upload for question ID: 75
[2024-08-14 05:33:51] New media file uploaded: question_75_1723613631.png
[2024-08-14 05:33:51] Deleted old media file: C:\wamp64\www\gimkit/uploads/question_75_1723613605.png
[2024-08-14 05:33:51] Deleted old media entry from database for question ID: 75
[2024-08-14 05:33:51] Inserted new media entry into database for question ID: 75
[2024-08-14 05:33:51] Redirecting after form submission
[2024-08-14 06:04:55] Form submitted
[2024-08-14 06:04:55] Updated question text for question ID: 76
[2024-08-14 06:04:55] Updated option for question ID: 76, option index: 165
[2024-08-14 06:04:55] Updated option for question ID: 76, option index: 166
[2024-08-14 06:04:55] Updated option for question ID: 76, option index: 167
[2024-08-14 06:04:55] Updated option for question ID: 76, option index: 168
[2024-08-14 06:04:55] Updated question text for question ID: 77
[2024-08-14 06:04:55] Updated answer for question ID: 77
[2024-08-14 06:04:55] Updated question text for question ID: 78
[2024-08-14 06:04:55] Updated answer for question ID: 78
[2024-08-14 06:04:55] Redirecting after form submission
[2024-08-14 06:06:37] Form submitted
[2024-08-14 06:06:37] Updated question text for question ID: 79
[2024-08-14 06:06:37] Updated option for question ID: 79, option index: 169
[2024-08-14 06:06:37] Updated option for question ID: 79, option index: 170
[2024-08-14 06:06:37] Updated option for question ID: 79, option index: 171
[2024-08-14 06:06:37] Updated option for question ID: 79, option index: 172
[2024-08-14 06:06:37] Updated question text for question ID: 80
[2024-08-14 06:06:37] Updated answer for question ID: 80
[2024-08-14 06:06:37] Processing media upload for question ID: 80
[2024-08-14 06:06:37] New media file uploaded: question_80_1723615597.png
[2024-08-14 06:06:37] Deleted old media file: C:\wamp64\www\gimkit/uploads/99ceabc32f1a89576e1fcdf192ad5cfa.gif
[2024-08-14 06:06:37] Deleted old media entry from database for question ID: 80
[2024-08-14 06:06:37] Inserted new media entry into database for question ID: 80
[2024-08-14 06:06:37] Redirecting after form submission
[2024-08-14 06:52:19] Form submitted
[2024-08-14 06:52:19] Updated question text for question ID: 73
[2024-08-14 06:52:19] Updated option for question ID: 73, option index: 161
[2024-08-14 06:52:19] Updated option for question ID: 73, option index: 162
[2024-08-14 06:52:19] Updated option for question ID: 73, option index: 163
[2024-08-14 06:52:19] Updated option for question ID: 73, option index: 164
[2024-08-14 06:52:19] Updated question text for question ID: 74
[2024-08-14 06:52:19] Updated option for question ID: 74, option index: 165
[2024-08-14 06:52:19] Updated option for question ID: 74, option index: 166
[2024-08-14 06:52:19] Updated option for question ID: 74, option index: 167
[2024-08-14 06:52:19] Updated option for question ID: 74, option index: 168
[2024-08-14 06:52:19] Updated question text for question ID: 75
[2024-08-14 06:52:19] Updated option for question ID: 75, option index: 169
[2024-08-14 06:52:19] Updated option for question ID: 75, option index: 170
[2024-08-14 06:52:19] Updated option for question ID: 75, option index: 171
[2024-08-14 06:52:19] Updated option for question ID: 75, option index: 172
[2024-08-14 06:52:19] Updated question text for question ID: 76
[2024-08-14 06:52:19] Updated option for question ID: 76, option index: 173
[2024-08-14 06:52:19] Updated option for question ID: 76, option index: 174
[2024-08-14 06:52:19] Updated option for question ID: 76, option index: 175
[2024-08-14 06:52:19] Updated option for question ID: 76, option index: 176
[2024-08-14 06:52:19] Updated question text for question ID: 77
[2024-08-14 06:52:19] Updated option for question ID: 77, option index: 177
[2024-08-14 06:52:19] Updated option for question ID: 77, option index: 178
[2024-08-14 06:52:19] Updated option for question ID: 77, option index: 179
[2024-08-14 06:52:19] Updated option for question ID: 77, option index: 180
[2024-08-14 06:52:19] Updated question text for question ID: 78
[2024-08-14 06:52:19] Updated answer for question ID: 78
[2024-08-14 06:52:19] Updated question text for question ID: 79
[2024-08-14 06:52:19] Updated answer for question ID: 79
[2024-08-14 06:52:19] Updated question text for question ID: 80
[2024-08-14 06:52:19] Updated answer for question ID: 80
[2024-08-14 06:52:19] Updated question text for question ID: 81
[2024-08-14 06:52:19] Updated answer for question ID: 81
[2024-08-14 06:52:19] Updated question text for question ID: 82
[2024-08-14 06:52:19] Updated answer for question ID: 82
[2024-08-14 06:52:19] Redirecting after form submission
[2024-08-14 15:00:03] Deleted media entries for question ID: 82
[2024-08-14 15:00:03] Deleted options for question ID: 82
[2024-08-14 15:00:03] Deleted answers for question ID: 82
[2024-08-14 15:00:03] Deleted question ID: 82
[2024-08-14 15:00:05] Form submitted
[2024-08-14 15:00:05] Redirecting after form submission
[2024-08-14 15:00:11] Form submitted
[2024-08-14 15:00:11] Updated question text for question ID: 73
[2024-08-14 15:00:11] Updated option for question ID: 73, option index: 161
[2024-08-14 15:00:11] Updated option for question ID: 73, option index: 162
[2024-08-14 15:00:11] Updated option for question ID: 73, option index: 163
[2024-08-14 15:00:11] Updated option for question ID: 73, option index: 164
[2024-08-14 15:00:11] Updated question text for question ID: 74
[2024-08-14 15:00:11] Updated option for question ID: 74, option index: 165
[2024-08-14 15:00:11] Updated option for question ID: 74, option index: 166
[2024-08-14 15:00:11] Updated option for question ID: 74, option index: 167
[2024-08-14 15:00:11] Updated option for question ID: 74, option index: 168
[2024-08-14 15:00:11] Updated question text for question ID: 75
[2024-08-14 15:00:11] Updated option for question ID: 75, option index: 169
[2024-08-14 15:00:11] Updated option for question ID: 75, option index: 170
[2024-08-14 15:00:11] Updated option for question ID: 75, option index: 171
[2024-08-14 15:00:11] Updated option for question ID: 75, option index: 172
[2024-08-14 15:00:11] Updated question text for question ID: 76
[2024-08-14 15:00:11] Updated option for question ID: 76, option index: 173
[2024-08-14 15:00:11] Updated option for question ID: 76, option index: 174
[2024-08-14 15:00:11] Updated option for question ID: 76, option index: 175
[2024-08-14 15:00:11] Updated option for question ID: 76, option index: 176
[2024-08-14 15:00:11] Updated question text for question ID: 77
[2024-08-14 15:00:11] Updated option for question ID: 77, option index: 177
[2024-08-14 15:00:11] Updated option for question ID: 77, option index: 178
[2024-08-14 15:00:11] Updated option for question ID: 77, option index: 179
[2024-08-14 15:00:11] Updated option for question ID: 77, option index: 180
[2024-08-14 15:00:11] Updated question text for question ID: 78
[2024-08-14 15:00:11] Updated answer for question ID: 78
[2024-08-14 15:00:11] Updated question text for question ID: 79
[2024-08-14 15:00:11] Updated answer for question ID: 79
[2024-08-14 15:00:11] Updated question text for question ID: 80
[2024-08-14 15:00:11] Updated answer for question ID: 80
[2024-08-14 15:00:11] Updated question text for question ID: 81
[2024-08-14 15:00:11] Updated answer for question ID: 81
[2024-08-14 15:00:11] Redirecting after form submission
[2024-08-14 15:00:45] Deleted media entries for question ID: 81
[2024-08-14 15:00:45] Deleted options for question ID: 81
[2024-08-14 15:00:45] Deleted answers for question ID: 81
[2024-08-14 15:00:45] Deleted question ID: 81
[2024-08-14 15:03:09] Deleted media entries for question ID: 80
[2024-08-14 15:03:09] Deleted options for question ID: 80
[2024-08-14 15:03:09] Deleted answers for question ID: 80
[2024-08-14 15:03:09] Deleted question ID: 80
